<?xml version="1.0" encoding="UTF-8"?>
<testsuite name="tests.Login" tests="1" skipped="0" failures="0" errors="0" timestamp="2022-07-02T21:28:17" hostname="LAPTOP-S8MI6IBE" time="6.404">
  <properties/>
  <testcase name="loginPositive" classname="tests.Login" time="6.404"/>
  <system-out><![CDATA[]]></system-out>
  <system-err><![CDATA[]]></system-err>
</testsuite>
